<?xml version="1.0" encoding="UTF-8"?>
<!-- Generated by org.testng.reporters.JUnitXMLReporter -->
<testsuite hostname="MTP01288L" ignored="2" name="Default test" tests="3" failures="0" timestamp="15 Aug 2019 12:50:23 GMT" time="64.303" errors="0">
  <testcase name="ValidateHomePage" time="18.767" classname="PHP_TestPackage.ValidateHomePage"/>
  <testcase name="testApp" time="0.002" classname="Inmarsat.AppTest"/>
  <testcase name="HomePageNavigation" time="19.757" classname="PHP_TestPackage.HomePageNavigation"/>
  <testcase name="@BeforeSuite bsuite" time="0.0" classname="Resources.Base">
    <ignored/>
  </testcase> <!-- @BeforeSuite bsuite -->
  <testcase name="@BeforeSuite bsuite" time="0.0" classname="Resources.Base">
    <ignored/>
  </testcase> <!-- @BeforeSuite bsuite -->
</testsuite> <!-- Default test -->
